N2V-L2
13	14	-0.5521786311666944
13	18	-0.5377083804555659
18	22	-0.41451576606008234
15	16	-0.39494585351335626
15	21	-0.43184372730810316
15	23	-0.533414287409406
16	21	-0.388184764773398
16	23	-0.3743242327498225
19	21	-0.4718410793861365
21	23	-0.3851929020614546
LIN-CSM
1	21	0.6204433804816786
2	5	0.6932189050437948
9	13	0.7026086708697828
12	19	0.6214013483476032
14	30	0.6889288481459729
20	21	0.708784319919729
22	21	0.6090643830619246
31	30	0.9057438074014044
10	15	0.6175888844497922
16	25	0.674066958588203
