N2V-LGR
1	34	0.6385261305821565
9	11	0.6372967584173628
9	13	0.5439045029916033
9	14	0.5560201995865949
9	18	0.5341066259961504
32	31	0.6159717145419226
32	10	0.6668148165127163
32	28	0.5062429834583236
32	17	0.6411806541242171
33	17	0.6679461676338299
LIN-FFN
3	7	0.4163985044250176
3	13	0.40293727072886226
3	34	0.40049178211918146
11	13	0.4306964396488587
11	34	0.42945998491801923
11	24	0.380591821298675
10	19	0.3942022523784909
10	24	0.43740409522018153
10	30	0.3939938517366693
15	24	0.3963832972307969
